Device ID                 : 33
Device Revision           : 1
Firmware Revision         : 0.54
IPMI Version              : 2.0
Manufacturer ID           : 343
Manufacturer Name         : Intel Corporation
Product ID                : 62 (0x003e)
Product Name              : Unknown (0x3E)
Device Available          : yes
Provides Device SDRs      : no
Additional Device Support :
    Sensor Device
    SDR Repository Device
    SEL Device
    FRU Inventory Device
    IPMB Event Receiver
    IPMB Event Generator
    Chassis Device
Aux Firmware Rev Info     : 
    0x00
    0x18
    0x00
    0x54
